0 info it worked if it ends with ok
1 verbose cli [ '/usr/local/bin/node', '/usr/local/bin/npm', 'start' ]
2 info using npm@2.7.4
3 info using node@v0.12.2
4 verbose stack Error: Failed to parse json
4 verbose stack Unexpected token 'v' at 4:4
4 verbose stack   "version": "0.0.1",
4 verbose stack    ^
4 verbose stack     at parseError (/usr/local/lib/node_modules/npm/node_modules/read-package-json/read-json.js:406:25)
4 verbose stack     at parseJson (/usr/local/lib/node_modules/npm/node_modules/read-package-json/read-json.js:86:51)
4 verbose stack     at /usr/local/lib/node_modules/npm/node_modules/read-package-json/read-json.js:60:33
4 verbose stack     at evalmachine.<anonymous>:334:14
4 verbose stack     at /usr/local/lib/node_modules/npm/node_modules/graceful-fs/graceful-fs.js:102:5
4 verbose stack     at FSReqWrap.oncomplete (evalmachine.<anonymous>:95:15)
5 verbose cwd /home/mamarquez/Projects/ReactTalk/Example4
6 error Linux 3.13.0-63-generic
7 error argv "/usr/local/bin/node" "/usr/local/bin/npm" "start"
8 error node v0.12.2
9 error npm  v2.7.4
10 error file /home/mamarquez/Projects/ReactTalk/Example4/package.json
11 error code EJSONPARSE
12 error Failed to parse json
12 error Unexpected token 'v' at 4:4
12 error   "version": "0.0.1",
12 error    ^
13 error File: /home/mamarquez/Projects/ReactTalk/Example4/package.json
14 error Failed to parse package.json data.
14 error package.json must be actual JSON, not just JavaScript.
14 error
14 error This is not a bug in npm.
14 error Tell the package author to fix their package.json file. JSON.parse
15 verbose exit [ 1, true ]
